Server Run
[0mGET /cal/sum/2/3 [32m200 [0m9.236 ms - 12[0m
[0mGET /cal/sub/2/3 [32m200 [0m1.502 ms - 13[0m
[0mGET /cal/mul/2/3 [32m200 [0m1.186 ms - 12[0m
[0mGET /cal/div/3/3 [32m200 [0m0.767 ms - 12[0m
<testsuite name="Mocha Tests" tests="4" failures="0" errors="0" skipped="0" timestamp="Mon, 12 Dec 2016 16:50:39 GMT" time="0.078">
<testcase classname="Calculator /GET sum" name="Debe sumar 2+3" time="0.052"/>
<testcase classname="Calculator /GET sub" name="Debe restar 2-3" time="0.01"/>
<testcase classname="Calculator /GET mul" name="Debe multiplicar 2*3" time="0.006"/>
<testcase classname="Calculator /GET div" name="Debe dividir 3/3" time="0.004"/>
</testsuite>
